<?xml version="1.0" encoding="UTF-8"?>
<robot generator="Robot 6.0.2 (Python 3.11.2 on win32)" generated="20230411 17:33:10.403" rpa="false" schemaversion="3">
<suite id="s1" name="PageObjectModel" source="C:\Users\SingVi04\Vibha\Projects\Vibha_Personal\PageObjectModel">
<suite id="s1-s1" name="TestCases" source="C:\Users\SingVi04\Vibha\Projects\Vibha_Personal\PageObjectModel\TestCases">
<suite id="s1-s1-s1" name="ForgetPasswordTests" source="C:\Users\SingVi04\Vibha\Projects\Vibha_Personal\PageObjectModel\TestCases\ForgetPasswordTests.robot">
<test id="s1-s1-s1-t1" name="Validate Reset Password Functionality" line="13">
<kw name="Open the Browser with URL" library="GenericResources" type="SETUP">
<kw name="Create Webdriver" library="SeleniumLibrary">
<arg>${browser_name}</arg>
<arg>executable_path=/Vibha_Personal/RobotFramework_Demo/drivers/${browser_name}</arg>
<doc>Creates an instance of Selenium WebDriver.</doc>
<msg timestamp="20230411 17:33:10.687" level="INFO">Creating an instance of the Firefox WebDriver.</msg>
<status status="PASS" starttime="20230411 17:33:10.687" endtime="20230411 17:33:15.037"/>
</kw>
<kw name="Go To" library="SeleniumLibrary">
<arg>${url}</arg>
<doc>Navigates the current browser window to the provided ``url``.</doc>
<msg timestamp="20230411 17:33:15.038" level="INFO">Opening url 'https://opensource-demo.orangehrmlive.com/web/index.php/auth/login'</msg>
<status status="PASS" starttime="20230411 17:33:15.037" endtime="20230411 17:33:17.136"/>
</kw>
<kw name="Maximize Browser Window" library="SeleniumLibrary">
<doc>Maximizes current browser window.</doc>
<status status="PASS" starttime="20230411 17:33:17.136" endtime="20230411 17:33:17.147"/>
</kw>
<kw name="Set Selenium Implicit Wait" library="SeleniumLibrary">
<arg>5</arg>
<doc>Sets the implicit wait value used by Selenium.</doc>
<status status="PASS" starttime="20230411 17:33:17.147" endtime="20230411 17:33:17.157"/>
</kw>
<status status="PASS" starttime="20230411 17:33:10.687" endtime="20230411 17:33:17.158"/>
</kw>
<kw name="Go to Forgot Your Password Page" library="LoginResources">
<kw name="Click Element" library="SeleniumLibrary">
<arg>${forgot_password_link}</arg>
<doc>Click the element identified by ``locator``.</doc>
<msg timestamp="20230411 17:33:17.159" level="INFO">Clicking element 'xpath://div[@class='orangehrm-login-forgot']/p'.</msg>
<status status="PASS" starttime="20230411 17:33:17.159" endtime="20230411 17:33:18.340"/>
</kw>
<status status="PASS" starttime="20230411 17:33:17.158" endtime="20230411 17:33:18.340"/>
</kw>
<kw name="Verify Forgot Your Password Page opens" library="ForgetPasswordResources">
<kw name="Element Text Should Be" library="SeleniumLibrary">
<arg>${forgot_page_title}</arg>
<arg>Reset Password</arg>
<doc>Verifies that element ``locator`` contains exact the text ``expected``.</doc>
<msg timestamp="20230411 17:33:18.343" level="INFO">Verifying element 'css:.orangehrm-forgot-password-title' contains exact text 'Reset Password'.</msg>
<status status="PASS" starttime="20230411 17:33:18.341" endtime="20230411 17:33:18.710"/>
</kw>
<status status="PASS" starttime="20230411 17:33:18.341" endtime="20230411 17:33:18.710"/>
</kw>
<kw name="Fill the Forgot Password Page" library="ForgetPasswordResources">
<kw name="Input Text" library="SeleniumLibrary">
<arg>${username}</arg>
<arg>abc@gmail.com</arg>
<doc>Types the given ``text`` into the text field identified by ``locator``.</doc>
<msg timestamp="20230411 17:33:18.711" level="INFO">Typing text 'abc@gmail.com' into text field 'css:.oxd-input--active'.</msg>
<status status="PASS" starttime="20230411 17:33:18.711" endtime="20230411 17:33:18.796"/>
</kw>
<kw name="Click Button" library="SeleniumLibrary">
<arg>${reset_btn}</arg>
<doc>Clicks the button identified by ``locator``.</doc>
<msg timestamp="20230411 17:33:18.798" level="INFO">Clicking button 'css:.orangehrm-forgot-password-button--reset'.</msg>
<status status="PASS" starttime="20230411 17:33:18.796" endtime="20230411 17:33:19.609"/>
</kw>
<status status="PASS" starttime="20230411 17:33:18.710" endtime="20230411 17:33:19.609"/>
</kw>
<kw name="Verify the message" library="ForgetPasswordResources">
<kw name="Element Text Should Be" library="SeleniumLibrary">
<arg>${reset_message}</arg>
<arg>Reset Password link sent successfully</arg>
<doc>Verifies that element ``locator`` contains exact the text ``expected``.</doc>
<msg timestamp="20230411 17:33:19.611" level="INFO">Verifying element 'xpath://div[@class='orangehrm-card-container']/h6' contains exact text 'Reset Password link sent successfully'.</msg>
<status status="PASS" starttime="20230411 17:33:19.610" endtime="20230411 17:33:19.870"/>
</kw>
<status status="PASS" starttime="20230411 17:33:19.610" endtime="20230411 17:33:19.870"/>
</kw>
<kw name="Close Browser Session" library="GenericResources" type="TEARDOWN">
<kw name="Close Browser" library="SeleniumLibrary">
<doc>Closes the current browser.</doc>
<status status="PASS" starttime="20230411 17:33:19.871" endtime="20230411 17:33:21.197"/>
</kw>
<status status="PASS" starttime="20230411 17:33:19.870" endtime="20230411 17:33:21.197"/>
</kw>
<tag>SMOKE</tag>
<status status="PASS" starttime="20230411 17:33:10.686" endtime="20230411 17:33:21.197"/>
</test>
<doc>Tests to validate Forgot Your Password Page functionality</doc>
<status status="PASS" starttime="20230411 17:33:10.434" endtime="20230411 17:33:21.197"/>
</suite>
<suite id="s1-s1-s2" name="LoginPageTests" source="C:\Users\SingVi04\Vibha\Projects\Vibha_Personal\PageObjectModel\TestCases\LoginPageTests.robot">
<test id="s1-s1-s2-t1" name="Validate Unsuccessful Login using invalid credentials" line="12">
<kw name="Open the Browser with URL" library="GenericResources" type="SETUP">
<kw name="Create Webdriver" library="SeleniumLibrary">
<arg>${browser_name}</arg>
<arg>executable_path=/Vibha_Personal/RobotFramework_Demo/drivers/${browser_name}</arg>
<doc>Creates an instance of Selenium WebDriver.</doc>
<msg timestamp="20230411 17:33:21.209" level="INFO">Creating an instance of the Firefox WebDriver.</msg>
<status status="PASS" starttime="20230411 17:33:21.209" endtime="20230411 17:33:24.421"/>
</kw>
<kw name="Go To" library="SeleniumLibrary">
<arg>${url}</arg>
<doc>Navigates the current browser window to the provided ``url``.</doc>
<msg timestamp="20230411 17:33:24.421" level="INFO">Opening url 'https://opensource-demo.orangehrmlive.com/web/index.php/auth/login'</msg>
<status status="PASS" starttime="20230411 17:33:24.421" endtime="20230411 17:33:26.847"/>
</kw>
<kw name="Maximize Browser Window" library="SeleniumLibrary">
<doc>Maximizes current browser window.</doc>
<status status="PASS" starttime="20230411 17:33:26.847" endtime="20230411 17:33:26.854"/>
</kw>
<kw name="Set Selenium Implicit Wait" library="SeleniumLibrary">
<arg>5</arg>
<doc>Sets the implicit wait value used by Selenium.</doc>
<status status="PASS" starttime="20230411 17:33:26.854" endtime="20230411 17:33:26.857"/>
</kw>
<status status="PASS" starttime="20230411 17:33:21.208" endtime="20230411 17:33:26.858"/>
</kw>
<kw name="Fill the login form" library="LoginResources">
<arg>${valid_username}</arg>
<arg>${invalid_password}</arg>
<kw name="Input Text" library="SeleniumLibrary">
<arg>css:input[name=username]</arg>
<arg>${username}</arg>
<doc>Types the given ``text`` into the text field identified by ``locator``.</doc>
<msg timestamp="20230411 17:33:26.860" level="INFO">Typing text 'Admin' into text field 'css:input[name=username]'.</msg>
<status status="PASS" starttime="20230411 17:33:26.859" endtime="20230411 17:33:27.261"/>
</kw>
<kw name="Input Password" library="SeleniumLibrary">
<arg>css:input[name=password]</arg>
<arg>${password}</arg>
<doc>Types the given password into the text field identified by ``locator``.</doc>
<msg timestamp="20230411 17:33:27.262" level="INFO">Typing password into text field 'css:input[name=password]'.</msg>
<msg timestamp="20230411 17:33:27.267" level="INFO">Temporally setting log level to: NONE</msg>
<msg timestamp="20230411 17:33:27.284" level="INFO">Log level changed from NONE to INFO.</msg>
<status status="PASS" starttime="20230411 17:33:27.261" endtime="20230411 17:33:27.284"/>
</kw>
<kw name="Click Button" library="SeleniumLibrary">
<arg>css:.orangehrm-login-button</arg>
<doc>Clicks the button identified by ``locator``.</doc>
<msg timestamp="20230411 17:33:27.284" level="INFO">Clicking button 'css:.orangehrm-login-button'.</msg>
<status status="PASS" starttime="20230411 17:33:27.284" endtime="20230411 17:33:28.439"/>
</kw>
<status status="PASS" starttime="20230411 17:33:26.858" endtime="20230411 17:33:28.439"/>
</kw>
<kw name="Verify the error message is correct" library="LoginResources">
<kw name="Element Text Should Be" library="SeleniumLibrary">
<arg>${login_error_message}</arg>
<arg>Invalid credentials</arg>
<doc>Verifies that element ``locator`` contains exact the text ``expected``.</doc>
<msg timestamp="20230411 17:33:28.440" level="INFO">Verifying element 'css:.oxd-alert-content--error' contains exact text 'Invalid credentials'.</msg>
<status status="PASS" starttime="20230411 17:33:28.439" endtime="20230411 17:33:28.714"/>
</kw>
<status status="PASS" starttime="20230411 17:33:28.439" endtime="20230411 17:33:28.714"/>
</kw>
<kw name="Close Browser Session" library="GenericResources" type="TEARDOWN">
<kw name="Close Browser" library="SeleniumLibrary">
<doc>Closes the current browser.</doc>
<status status="PASS" starttime="20230411 17:33:28.715" endtime="20230411 17:33:29.952"/>
</kw>
<status status="PASS" starttime="20230411 17:33:28.715" endtime="20230411 17:33:29.952"/>
</kw>
<tag>SMOKE</tag>
<status status="PASS" starttime="20230411 17:33:21.207" endtime="20230411 17:33:29.952"/>
</test>
<test id="s1-s1-s2-t2" name="Validate Unsuccessful Login for blank password" line="26">
<kw name="Open the Browser with URL" library="GenericResources" type="SETUP">
<kw name="Create Webdriver" library="SeleniumLibrary">
<arg>${browser_name}</arg>
<arg>executable_path=/Vibha_Personal/RobotFramework_Demo/drivers/${browser_name}</arg>
<doc>Creates an instance of Selenium WebDriver.</doc>
<msg timestamp="20230411 17:33:29.953" level="INFO">Creating an instance of the Firefox WebDriver.</msg>
<status status="PASS" starttime="20230411 17:33:29.953" endtime="20230411 17:33:33.200"/>
</kw>
<kw name="Go To" library="SeleniumLibrary">
<arg>${url}</arg>
<doc>Navigates the current browser window to the provided ``url``.</doc>
<msg timestamp="20230411 17:33:33.201" level="INFO">Opening url 'https://opensource-demo.orangehrmlive.com/web/index.php/auth/login'</msg>
<status status="PASS" starttime="20230411 17:33:33.200" endtime="20230411 17:33:35.821"/>
</kw>
<kw name="Maximize Browser Window" library="SeleniumLibrary">
<doc>Maximizes current browser window.</doc>
<status status="PASS" starttime="20230411 17:33:35.821" endtime="20230411 17:33:35.825"/>
</kw>
<kw name="Set Selenium Implicit Wait" library="SeleniumLibrary">
<arg>5</arg>
<doc>Sets the implicit wait value used by Selenium.</doc>
<status status="PASS" starttime="20230411 17:33:35.825" endtime="20230411 17:33:35.835"/>
</kw>
<status status="PASS" starttime="20230411 17:33:29.953" endtime="20230411 17:33:35.835"/>
</kw>
<kw name="Fill the login form" library="LoginResources">
<arg>${valid_username}</arg>
<arg>${blank_password}</arg>
<kw name="Input Text" library="SeleniumLibrary">
<arg>css:input[name=username]</arg>
<arg>${username}</arg>
<doc>Types the given ``text`` into the text field identified by ``locator``.</doc>
<msg timestamp="20230411 17:33:35.836" level="INFO">Typing text 'Admin' into text field 'css:input[name=username]'.</msg>
<status status="PASS" starttime="20230411 17:33:35.836" endtime="20230411 17:33:36.297"/>
</kw>
<kw name="Input Password" library="SeleniumLibrary">
<arg>css:input[name=password]</arg>
<arg>${password}</arg>
<doc>Types the given password into the text field identified by ``locator``.</doc>
<msg timestamp="20230411 17:33:36.298" level="INFO">Typing password into text field 'css:input[name=password]'.</msg>
<msg timestamp="20230411 17:33:36.313" level="INFO">Temporally setting log level to: NONE</msg>
<msg timestamp="20230411 17:33:36.319" level="INFO">Log level changed from NONE to INFO.</msg>
<status status="PASS" starttime="20230411 17:33:36.297" endtime="20230411 17:33:36.319"/>
</kw>
<kw name="Click Button" library="SeleniumLibrary">
<arg>css:.orangehrm-login-button</arg>
<doc>Clicks the button identified by ``locator``.</doc>
<msg timestamp="20230411 17:33:36.320" level="INFO">Clicking button 'css:.orangehrm-login-button'.</msg>
<status status="PASS" starttime="20230411 17:33:36.319" endtime="20230411 17:33:36.570"/>
</kw>
<status status="PASS" starttime="20230411 17:33:35.835" endtime="20230411 17:33:36.570"/>
</kw>
<kw name="Verify the error message is displayed for password" library="LoginResources">
<kw name="Element Text Should Be" library="SeleniumLibrary">
<arg>${missing_password_error_message}</arg>
<arg>Required</arg>
<doc>Verifies that element ``locator`` contains exact the text ``expected``.</doc>
<msg timestamp="20230411 17:33:36.572" level="INFO">Verifying element 'xpath://*[@class='oxd-form']/div[2]/div/span' contains exact text 'Required'.</msg>
<status status="PASS" starttime="20230411 17:33:36.571" endtime="20230411 17:33:36.605"/>
</kw>
<status status="PASS" starttime="20230411 17:33:36.570" endtime="20230411 17:33:36.605"/>
</kw>
<kw name="Close Browser Session" library="GenericResources" type="TEARDOWN">
<kw name="Close Browser" library="SeleniumLibrary">
<doc>Closes the current browser.</doc>
<status status="PASS" starttime="20230411 17:33:36.605" endtime="20230411 17:33:37.637"/>
</kw>
<status status="PASS" starttime="20230411 17:33:36.605" endtime="20230411 17:33:37.637"/>
</kw>
<tag>REGRESSION</tag>
<tag>SMOKE</tag>
<status status="PASS" starttime="20230411 17:33:29.953" endtime="20230411 17:33:37.637"/>
</test>
<doc>Tests to login to Login Page</doc>
<status status="PASS" starttime="20230411 17:33:21.198" endtime="20230411 17:33:37.638"/>
</suite>
<status status="PASS" starttime="20230411 17:33:10.432" endtime="20230411 17:33:37.639"/>
</suite>
<status status="PASS" starttime="20230411 17:33:10.404" endtime="20230411 17:33:37.640"/>
</suite>
<statistics>
<total>
<stat pass="3" fail="0" skip="0">All Tests</stat>
</total>
<tag>
<stat pass="1" fail="0" skip="0">REGRESSION</stat>
<stat pass="3" fail="0" skip="0">SMOKE</stat>
</tag>
<suite>
<stat pass="3" fail="0" skip="0" id="s1" name="PageObjectModel">PageObjectModel</stat>
<stat pass="3" fail="0" skip="0" id="s1-s1" name="TestCases">PageObjectModel.TestCases</stat>
<stat pass="1" fail="0" skip="0" id="s1-s1-s1" name="ForgetPasswordTests">PageObjectModel.TestCases.ForgetPasswordTests</stat>
<stat pass="2" fail="0" skip="0" id="s1-s1-s2" name="LoginPageTests">PageObjectModel.TestCases.LoginPageTests</stat>
</suite>
</statistics>
<errors>
</errors>
</robot>
